2025-03-27 09:16:18,407 - INFO - Starting Sentiment Analysis Pipeline...
2025-03-27 09:16:18,408 - INFO - Loading raw data...
2025-03-27 09:16:18,408 - INFO - Opening Excel Files...
2025-03-27 09:16:36,503 - INFO - Data successfully written to raw_tweets table.
2025-03-27 09:16:36,520 - INFO - Preprocessing data...
2025-03-27 09:17:56,338 - INFO - Training the model...
2025-03-27 09:49:32,527 - INFO - Starting Sentiment Analysis Pipeline...
2025-03-27 09:49:32,527 - INFO - Loading raw data...
2025-03-27 09:49:32,527 - INFO - Opening Excel Files...
2025-03-27 09:49:50,818 - INFO - Data successfully written to raw_tweets table.
2025-03-27 09:49:50,828 - INFO - Preprocessing data...
2025-03-27 09:50:52,616 - INFO - Training the model...
2025-03-27 09:50:53,021 - INFO - saving model
2025-03-27 09:52:30,572 - INFO - Starting Sentiment Analysis Pipeline...
2025-03-27 09:52:30,573 - INFO - Loading raw data...
2025-03-27 09:52:30,573 - INFO - Opening Excel Files...
2025-03-27 09:52:49,651 - INFO - Data successfully written to raw_tweets table.
2025-03-27 09:52:49,661 - INFO - Preprocessing data...
2025-03-27 09:53:51,372 - INFO - Training the model...
2025-03-27 09:53:51,783 - INFO - saving model
2025-04-01 13:05:00,317 - INFO - Starting Sentiment Analysis Pipeline...
2025-04-01 13:05:00,318 - INFO - Loading raw data...
2025-04-01 13:05:00,318 - INFO - Opening Excel Files...
2025-04-01 13:05:18,137 - INFO - Data successfully written to raw_tweets table.
2025-04-01 13:05:18,153 - INFO - Preprocessing data...
2025-04-01 13:06:24,311 - INFO - Training the model...
2025-04-01 13:06:51,231 - INFO - saving model
2025-04-01 13:24:36,111 - INFO - Starting Sentiment Analysis Pipeline...
2025-04-01 13:24:36,111 - INFO - Loading raw data...
2025-04-01 13:24:36,111 - INFO - Opening Excel Files...
2025-04-01 13:25:08,411 - INFO - Starting Sentiment Analysis Pipeline...
2025-04-01 13:25:08,411 - INFO - Loading raw data...
2025-04-01 13:25:08,412 - INFO - Opening Excel Files...
2025-04-01 13:25:26,631 - INFO - Data successfully written to raw_tweets table.
2025-04-01 13:25:26,641 - INFO - Preprocessing data...
2025-04-01 13:26:28,703 - INFO - Training the model...
2025-04-01 13:26:54,818 - INFO - saving model
2025-04-01 14:03:31,623 - INFO - Starting Sentiment Analysis Pipeline...
2025-04-01 14:03:31,623 - INFO - Loading raw data...
2025-04-01 14:03:31,623 - INFO - Opening Excel Files...
2025-04-01 14:03:50,108 - INFO - Data successfully written to raw_tweets table.
2025-04-01 14:03:50,119 - INFO - Preprocessing data...
2025-04-01 14:04:57,038 - INFO - Training the model...
2025-04-01 14:08:41,489 - INFO - saving model
2025-04-01 14:14:07,995 - INFO - Starting Sentiment Analysis Pipeline...
2025-04-01 14:14:07,995 - INFO - Loading raw data...
2025-04-01 14:14:07,995 - INFO - Opening Excel Files...
2025-04-01 14:14:27,261 - INFO - Data successfully written to raw_tweets table.
2025-04-01 14:14:27,271 - INFO - Preprocessing data...
2025-04-01 14:15:31,449 - INFO - Training the model...
2025-04-01 14:18:02,497 - INFO - saving model
2025-04-01 15:59:34,001 - INFO - Starting Sentiment Analysis Pipeline...
2025-04-01 15:59:34,003 - INFO - Loading raw data...
2025-04-01 15:59:34,003 - INFO - Opening Excel Files...
2025-04-01 15:59:53,799 - INFO - Data successfully written to raw_tweets table.
2025-04-01 15:59:53,810 - INFO - Preprocessing data...
2025-04-01 16:01:01,410 - INFO - Training the model...
2025-04-01 16:03:41,813 - INFO - saving model
